<?xml version="1.0" encoding="UTF-8"?>
<testsuite xmlns:xsi="http://www.w3.org/2001/XMLSchema-instance" xsi:schemaLocation="https://maven.apache.org/surefire/maven-surefire-plugin/xsd/surefire-test-report.xsd" name="TestSuite" time="1.562" tests="17" errors="0" skipped="0" failures="0">
  <properties>
    <property name="java.runtime.name" value="Java(TM) SE Runtime Environment"/>
    <property name="sun.boot.library.path" value="c:\Program Files\Java\jdk1.8.0_45\jre\bin"/>
    <property name="java.vm.version" value="25.45-b02"/>
    <property name="java.vm.vendor" value="Oracle Corporation"/>
    <property name="maven.multiModuleProjectDirectory" value="D:\projects\SinCity"/>
    <property name="java.vendor.url" value="http://java.oracle.com/"/>
    <property name="path.separator" value=";"/>
    <property name="guice.disable.misplaced.annotation.check" value="true"/>
    <property name="java.vm.name" value="Java HotSpot(TM) 64-Bit Server VM"/>
    <property name="file.encoding.pkg" value="sun.io"/>
    <property name="user.script" value=""/>
    <property name="user.country" value="GB"/>
    <property name="sun.java.launcher" value="SUN_STANDARD"/>
    <property name="sun.os.patch.level" value=""/>
    <property name="java.vm.specification.name" value="Java Virtual Machine Specification"/>
    <property name="user.dir" value="D:\projects\SinCity"/>
    <property name="java.runtime.version" value="1.8.0_45-b14"/>
    <property name="java.awt.graphicsenv" value="sun.awt.Win32GraphicsEnvironment"/>
    <property name="java.endorsed.dirs" value="c:\Program Files\Java\jdk1.8.0_45\jre\lib\endorsed"/>
    <property name="os.arch" value="amd64"/>
    <property name="java.io.tmpdir" value="d:\temp\"/>
    <property name="line.separator" value="&#10;"/>
    <property name="java.vm.specification.vendor" value="Oracle Corporation"/>
    <property name="user.variant" value=""/>
    <property name="os.name" value="Windows 8.1"/>
    <property name="classworlds.conf" value="c:\Program Files (x86)\Maven\bin\..\bin\m2.conf"/>
    <property name="sun.jnu.encoding" value="Cp1252"/>
    <property name="java.library.path" value="c:\Program Files\Java\jdk1.8.0_45\bin;C:\WINDOWS\Sun\Java\bin;C:\WINDOWS\system32;C:\WINDOWS;C:\ProgramData\Oracle\Java\javapath;C:\Program Files (x86)\Lenovo\FusionEngine;C:\Program Files (x86)\Intel\iCLS Client\;C:\Program Files\Intel\iCLS Client\;C:\Program Files (x86)\NVIDIA Corporation\PhysX\Common;C:\WINDOWS\system32;C:\WINDOWS;C:\WINDOWS\System32\Wbem;C:\WINDOWS\System32\WindowsPowerShell\v1.0\;C:\Program Files\Intel\Intel(R) Management Engine Components\DAL;C:\Program Files\Intel\Intel(R) Management Engine Components\IPT;C:\Program Files (x86)\Intel\Intel(R) Management Engine Components\DAL;C:\Program Files (x86)\Intel\Intel(R) Management Engine Components\IPT;C:\Program Files\Intel\WiFi\bin\;C:\Program Files\Common Files\Intel\WirelessCommon\;C:\Program Files\TortoiseHg\;c:\programs\vim\vim74\;C:\Program Files (x86)\Windows Kits\8.1\Windows Performance Toolkit\;C:\Program Files\Microsoft SQL Server\110\Tools\Binn\;C:\Program Files (x86)\Microsoft SDKs\TypeScript\1.0\;C:\Program Files\Microsoft SQL Server\120\Tools\Binn\;C:\Program Files\TortoiseGit\bin;C:\Program Files (x86)\Git\cmd;C:\Program Files (x86)\GitExtensions\;c:\users\ferencikovci\appdata\local\enthought\canopy\user\scripts;C:\Users\ferencikovci\AppData\Local\Enthought\Canopy\User;C:\Users\ferencikovci\AppData\Local\Enthought\Canopy\User\Scripts;c:\Program Files (x86)\Maven\bin;%ANT_HOME%\bin;c:\Programs\Perl64\bin\;C:\Program Files (x86)\QuickTime\QTSystem\;;%USERPROFILE%\AppData\Local\Microsoft\WindowsApps;."/>
    <property name="java.specification.name" value="Java Platform API Specification"/>
    <property name="java.class.version" value="52.0"/>
    <property name="sun.management.compiler" value="HotSpot 64-Bit Tiered Compilers"/>
    <property name="os.version" value="6.3"/>
    <property name="user.home" value="C:\Users\ferencikovci"/>
    <property name="user.timezone" value="Europe/Prague"/>
    <property name="java.awt.printerjob" value="sun.awt.windows.WPrinterJob"/>
    <property name="java.specification.version" value="1.8"/>
    <property name="file.encoding" value="Cp1252"/>
    <property name="user.name" value="ferencikovci"/>
    <property name="java.class.path" value="c:\Program Files (x86)\Maven\bin\..\boot\plexus-classworlds-2.5.2.jar"/>
    <property name="java.vm.specification.version" value="1.8"/>
    <property name="sun.arch.data.model" value="64"/>
    <property name="java.home" value="c:\Program Files\Java\jdk1.8.0_45\jre"/>
    <property name="sun.java.command" value="org.codehaus.plexus.classworlds.launcher.Launcher package"/>
    <property name="java.specification.vendor" value="Oracle Corporation"/>
    <property name="user.language" value="en"/>
    <property name="awt.toolkit" value="sun.awt.windows.WToolkit"/>
    <property name="java.vm.info" value="mixed mode"/>
    <property name="java.version" value="1.8.0_45"/>
    <property name="java.ext.dirs" value="c:\Program Files\Java\jdk1.8.0_45\jre\lib\ext;C:\WINDOWS\Sun\Java\lib\ext"/>
    <property name="sun.boot.class.path" value="c:\Program Files\Java\jdk1.8.0_45\jre\lib\resources.jar;c:\Program Files\Java\jdk1.8.0_45\jre\lib\rt.jar;c:\Program Files\Java\jdk1.8.0_45\jre\lib\sunrsasign.jar;c:\Program Files\Java\jdk1.8.0_45\jre\lib\jsse.jar;c:\Program Files\Java\jdk1.8.0_45\jre\lib\jce.jar;c:\Program Files\Java\jdk1.8.0_45\jre\lib\charsets.jar;c:\Program Files\Java\jdk1.8.0_45\jre\lib\jfr.jar;c:\Program Files\Java\jdk1.8.0_45\jre\classes"/>
    <property name="sun.stderr.encoding" value="cp850"/>
    <property name="java.vendor" value="Oracle Corporation"/>
    <property name="maven.home" value="c:\Program Files (x86)\Maven\bin\.."/>
    <property name="file.separator" value="\"/>
    <property name="java.vendor.url.bug" value="http://bugreport.sun.com/bugreport/"/>
    <property name="sun.cpu.endian" value="little"/>
    <property name="sun.io.unicode.encoding" value="UnicodeLittle"/>
    <property name="sun.stdout.encoding" value="cp850"/>
    <property name="sun.desktop" value="windows"/>
    <property name="sun.cpu.isalist" value="amd64"/>
  </properties>
  <testcase name="testSnapshotDependencyErrorAndArtifactDependencyErrorAreNotEqual" classname="sferencik.teamcity.sincity.BuildProblemDataWithCustomComparatorTest" time="0.008"/>
  <testcase name="testTwoArtifactDependencyErrorsAreEqual" classname="sferencik.teamcity.sincity.BuildProblemDataWithCustomComparatorTest" time="0"/>
  <testcase name="testTwoSnapshotDependencyErrorsAreEqual" classname="sferencik.teamcity.sincity.BuildProblemDataWithCustomComparatorTest" time="0"/>
  <testcase name="testGetRelevantBuildProblems" classname="sferencik.teamcity.sincity.CulpritFinderTest" time="0.09"/>
  <testcase name="test00EmptyHistory" classname="sferencik.teamcity.sincity.failureCulpritOverview.AnalyserTest" time="0.023"/>
  <testcase name="test01NoOutstandingFailures" classname="sferencik.teamcity.sincity.failureCulpritOverview.AnalyserTest" time="0.048"/>
  <testcase name="test02OneChangeOneBuild" classname="sferencik.teamcity.sincity.failureCulpritOverview.AnalyserTest" time="0.024"/>
  <testcase name="test03NoChangeOneBuild" classname="sferencik.teamcity.sincity.failureCulpritOverview.AnalyserTest" time="0.002"/>
  <testcase name="test04MultipleChangesOneBuild" classname="sferencik.teamcity.sincity.failureCulpritOverview.AnalyserTest" time="0.003"/>
  <testcase name="test05FailingRecently" classname="sferencik.teamcity.sincity.failureCulpritOverview.AnalyserTest" time="0.003"/>
  <testcase name="test06NewTest" classname="sferencik.teamcity.sincity.failureCulpritOverview.AnalyserTest" time="0.007"/>
  <testcase name="test10Regression" classname="sferencik.teamcity.sincity.failureCulpritOverview.AnalyserTest" time="0.001"/>
  <testcase name="test01LinearHistory" classname="sferencik.teamcity.sincity.FinishedBuildWithChangesTest" time="0.003"/>
  <testcase name="test02RepeatedBuild" classname="sferencik.teamcity.sincity.FinishedBuildWithChangesTest" time="0.001"/>
  <testcase name="test03CulpritFinderForward" classname="sferencik.teamcity.sincity.FinishedBuildWithChangesTest" time="0.001"/>
  <testcase name="test04CulpritFinderBackward" classname="sferencik.teamcity.sincity.FinishedBuildWithChangesTest" time="0.001"/>
  <testcase name="test05NoChanges" classname="sferencik.teamcity.sincity.FinishedBuildWithChangesTest" time="0"/>
</testsuite>