<?xml version="1.0" encoding="UTF-8"?>
<!-- Generated by org.testng.reporters.JUnitReportReporter -->
<testsuite hostname="lenovo" name="sferencik.teamcity.sincity.CulpritFinderTest" tests="1" failures="0" timestamp="18 Oct 2016 22:20:25 GMT" time="0.204" errors="0">
  <testcase name="testGetRelevantBuildProblems" time="0.204" classname="sferencik.teamcity.sincity.CulpritFinderTest"/>
</testsuite> <!-- sferencik.teamcity.sincity.CulpritFinderTest -->
