<?xml version="1.0" encoding="UTF-8"?>
<!-- Generated by org.testng.reporters.JUnitReportReporter -->
<testsuite hostname="lenovo" name="sferencik.teamcity.sincity.BuildProblemDataWithCustomComparatorTest" tests="3" failures="0" timestamp="18 Oct 2016 22:20:25 GMT" time="0.018" errors="0">
  <testcase name="testSnapshotDependencyErrorAndArtifactDependencyErrorAreNotEqual" time="0.008" classname="sferencik.teamcity.sincity.BuildProblemDataWithCustomComparatorTest"/>
  <testcase name="testTwoSnapshotDependencyErrorsAreEqual" time="0.009" classname="sferencik.teamcity.sincity.BuildProblemDataWithCustomComparatorTest"/>
  <testcase name="testTwoArtifactDependencyErrorsAreEqual" time="0.001" classname="sferencik.teamcity.sincity.BuildProblemDataWithCustomComparatorTest"/>
</testsuite> <!-- sferencik.teamcity.sincity.BuildProblemDataWithCustomComparatorTest -->
