<?xml version="1.0" encoding="UTF-8"?>
<!-- Generated by org.testng.reporters.JUnitReportReporter -->
<testsuite hostname="lenovo" name="sferencik.teamcity.sincity.FinishedBuildWithChangesTest" tests="5" failures="0" timestamp="18 Oct 2016 22:20:25 GMT" time="0.081" errors="0">
  <testcase name="test04CulpritFinderBackward" time="0.001" classname="sferencik.teamcity.sincity.FinishedBuildWithChangesTest"/>
  <testcase name="test02RepeatedBuild" time="0.002" classname="sferencik.teamcity.sincity.FinishedBuildWithChangesTest"/>
  <testcase name="test03CulpritFinderForward" time="0.003" classname="sferencik.teamcity.sincity.FinishedBuildWithChangesTest"/>
  <testcase name="test05NoChanges" time="0.001" classname="sferencik.teamcity.sincity.FinishedBuildWithChangesTest"/>
  <testcase name="test01LinearHistory" time="0.074" classname="sferencik.teamcity.sincity.FinishedBuildWithChangesTest"/>
</testsuite> <!-- sferencik.teamcity.sincity.FinishedBuildWithChangesTest -->
