<?xml version="1.0" encoding="UTF-8"?>
<!-- Generated by org.testng.reporters.JUnitReportReporter -->
<testsuite hostname="lenovo" name="sferencik.teamcity.sincity.failureCulpritOverview.AnalyserTest" tests="8" failures="0" timestamp="18 Oct 2016 22:20:25 GMT" time="0.448" errors="0">
  <testcase name="test06NewTest" time="0.009" classname="sferencik.teamcity.sincity.failureCulpritOverview.AnalyserTest"/>
  <testcase name="test05FailingRecently" time="0.004" classname="sferencik.teamcity.sincity.failureCulpritOverview.AnalyserTest"/>
  <testcase name="test10Regression" time="0.004" classname="sferencik.teamcity.sincity.failureCulpritOverview.AnalyserTest"/>
  <testcase name="test03NoChangeOneBuild" time="0.003" classname="sferencik.teamcity.sincity.failureCulpritOverview.AnalyserTest"/>
  <testcase name="test04MultipleChangesOneBuild" time="0.003" classname="sferencik.teamcity.sincity.failureCulpritOverview.AnalyserTest"/>
  <testcase name="test01NoOutstandingFailures" time="0.373" classname="sferencik.teamcity.sincity.failureCulpritOverview.AnalyserTest"/>
  <testcase name="test00EmptyHistory" time="0.027" classname="sferencik.teamcity.sincity.failureCulpritOverview.AnalyserTest"/>
  <testcase name="test02OneChangeOneBuild" time="0.025" classname="sferencik.teamcity.sincity.failureCulpritOverview.AnalyserTest"/>
</testsuite> <!-- sferencik.teamcity.sincity.failureCulpritOverview.AnalyserTest -->
